<?xml version="1.0" encoding="UTF-8"?>
<coverage generated="1602510177453" clover="3.2.0">
  <project timestamp="1602510177453" name="All files">
    <metrics statements="14" coveredstatements="14" conditionals="0" coveredconditionals="0" methods="5" coveredmethods="5" elements="19" coveredelements="19" complexity="0" loc="14" ncloc="14" packages="1" files="3" classes="3"/>
    <file name="Item.js" path="/Users/JFU11/Documents/Bootcamp tasks/restaurantwebsite/Item.js">
      <metrics statements="3" coveredstatements="3" conditionals="0" coveredconditionals="0" methods="1" coveredmethods="1"/>
      <line num="3" count="3" type="stmt"/>
      <line num="4" count="3" type="stmt"/>
      <line num="9" count="2" type="stmt"/>
    </file>
    <file name="Menu.js" path="/Users/JFU11/Documents/Bootcamp tasks/restaurantwebsite/Menu.js">
      <metrics statements="5" coveredstatements="5" conditionals="0" coveredconditionals="0" methods="2" coveredmethods="2"/>
      <line num="3" count="4" type="stmt"/>
      <line num="4" count="4" type="stmt"/>
      <line num="5" count="4" type="stmt"/>
      <line num="11" count="1" type="stmt"/>
      <line num="18" count="2" type="stmt"/>
    </file>
    <file name="Restaurant.js" path="/Users/JFU11/Documents/Bootcamp tasks/restaurantwebsite/Restaurant.js">
      <metrics statements="6" coveredstatements="6" conditionals="0" coveredconditionals="0" methods="2" coveredmethods="2"/>
      <line num="3" count="1" type="stmt"/>
      <line num="4" count="1" type="stmt"/>
      <line num="5" count="1" type="stmt"/>
      <line num="6" count="1" type="stmt"/>
      <line num="11" count="1" type="stmt"/>
      <line num="17" count="1" type="stmt"/>
    </file>
  </project>
</coverage>
